{"/Users/cleristoncardoso/Documents/Projects/seenit/deploy/user/src/application/errors/email-error.ts": {"path":"/Users/cleristoncardoso/Documents/Projects/seenit/deploy/user/src/application/errors/email-error.ts","all":false,"statementMap":{"0":{"start":{"line":1,"column":0},"end":{"line":1,"column":39}},"1":{"start":{"line":2,"column":0},"end":{"line":2,"column":31}},"2":{"start":{"line":3,"column":0},"end":{"line":3,"column":43}},"3":{"start":{"line":4,"column":0},"end":{"line":4,"column":28}},"4":{"start":{"line":5,"column":0},"end":{"line":5,"column":3}},"5":{"start":{"line":6,"column":0},"end":{"line":6,"column":1}},"6":{"start":{"line":7,"column":0},"end":{"line":7,"column":0}},"7":{"start":{"line":8,"column":0},"end":{"line":8,"column":52}},"8":{"start":{"line":9,"column":0},"end":{"line":9,"column":31}},"9":{"start":{"line":10,"column":0},"end":{"line":10,"column":42}},"10":{"start":{"line":11,"column":0},"end":{"line":11,"column":36}},"11":{"start":{"line":12,"column":0},"end":{"line":12,"column":3}},"12":{"start":{"line":13,"column":0},"end":{"line":13,"column":1}}},"s":{"0":1,"1":1,"2":0,"3":0,"4":0,"5":1,"6":1,"7":1,"8":1,"9":0,"10":0,"11":0,"12":1},"branchMap":{},"b":{},"fnMap":{"0":{"name":"EmailError","decl":{"start":{"line":2,"column":2},"end":{"line":5,"column":3}},"loc":{"start":{"line":2,"column":2},"end":{"line":5,"column":3}},"line":2},"1":{"name":"EmailAlreadyExistsError","decl":{"start":{"line":9,"column":2},"end":{"line":12,"column":3}},"loc":{"start":{"line":9,"column":2},"end":{"line":12,"column":3}},"line":9}},"f":{"0":0,"1":0}}
,"/Users/cleristoncardoso/Documents/Projects/seenit/deploy/user/src/application/errors/index.ts": {"path":"/Users/cleristoncardoso/Documents/Projects/seenit/deploy/user/src/application/errors/index.ts","all":false,"statementMap":{"0":{"start":{"line":1,"column":0},"end":{"line":1,"column":41}},"1":{"start":{"line":2,"column":0},"end":{"line":2,"column":29}},"2":{"start":{"line":3,"column":0},"end":{"line":3,"column":36}},"3":{"start":{"line":4,"column":0},"end":{"line":4,"column":36}}},"s":{"0":1,"1":1,"2":1,"3":1},"branchMap":{},"b":{},"fnMap":{},"f":{}}
,"/Users/cleristoncardoso/Documents/Projects/seenit/deploy/user/src/application/errors/missing-jwt-secret.ts": {"path":"/Users/cleristoncardoso/Documents/Projects/seenit/deploy/user/src/application/errors/missing-jwt-secret.ts","all":false,"statementMap":{"0":{"start":{"line":1,"column":0},"end":{"line":1,"column":45}},"1":{"start":{"line":2,"column":0},"end":{"line":2,"column":18}},"2":{"start":{"line":3,"column":0},"end":{"line":3,"column":31}},"3":{"start":{"line":4,"column":0},"end":{"line":4,"column":34}},"4":{"start":{"line":5,"column":0},"end":{"line":5,"column":3}},"5":{"start":{"line":6,"column":0},"end":{"line":6,"column":1}}},"s":{"0":1,"1":1,"2":0,"3":0,"4":0,"5":1},"branchMap":{},"b":{},"fnMap":{"0":{"name":"MissingJWTSecret","decl":{"start":{"line":2,"column":2},"end":{"line":5,"column":3}},"loc":{"start":{"line":2,"column":2},"end":{"line":5,"column":3}},"line":2}},"f":{"0":0}}
,"/Users/cleristoncardoso/Documents/Projects/seenit/deploy/user/src/application/errors/require-parameter-error.ts": {"path":"/Users/cleristoncardoso/Documents/Projects/seenit/deploy/user/src/application/errors/require-parameter-error.ts","all":false,"statementMap":{"0":{"start":{"line":1,"column":0},"end":{"line":1,"column":51}},"1":{"start":{"line":2,"column":0},"end":{"line":2,"column":35}},"2":{"start":{"line":3,"column":0},"end":{"line":3,"column":40}},"3":{"start":{"line":4,"column":0},"end":{"line":4,"column":40}},"4":{"start":{"line":5,"column":0},"end":{"line":5,"column":3}},"5":{"start":{"line":6,"column":0},"end":{"line":6,"column":1}}},"s":{"0":1,"1":1,"2":0,"3":0,"4":0,"5":1},"branchMap":{},"b":{},"fnMap":{"0":{"name":"RequiredParameterError","decl":{"start":{"line":2,"column":2},"end":{"line":5,"column":3}},"loc":{"start":{"line":2,"column":2},"end":{"line":5,"column":3}},"line":2}},"f":{"0":0}}
,"/Users/cleristoncardoso/Documents/Projects/seenit/deploy/user/src/application/errors/unauthorized-error.ts": {"path":"/Users/cleristoncardoso/Documents/Projects/seenit/deploy/user/src/application/errors/unauthorized-error.ts","all":false,"statementMap":{"0":{"start":{"line":1,"column":0},"end":{"line":1,"column":46}},"1":{"start":{"line":2,"column":0},"end":{"line":2,"column":18}},"2":{"start":{"line":3,"column":0},"end":{"line":3,"column":25}},"3":{"start":{"line":4,"column":0},"end":{"line":4,"column":30}},"4":{"start":{"line":5,"column":0},"end":{"line":5,"column":3}},"5":{"start":{"line":6,"column":0},"end":{"line":6,"column":1}}},"s":{"0":1,"1":1,"2":1,"3":1,"4":1,"5":1},"branchMap":{"0":{"type":"branch","line":2,"loc":{"start":{"line":2,"column":2},"end":{"line":5,"column":3}},"locations":[{"start":{"line":2,"column":2},"end":{"line":5,"column":3}}]}},"b":{"0":[1]},"fnMap":{"0":{"name":"UnauthorizedError","decl":{"start":{"line":2,"column":2},"end":{"line":5,"column":3}},"loc":{"start":{"line":2,"column":2},"end":{"line":5,"column":3}},"line":2}},"f":{"0":1}}
,"/Users/cleristoncardoso/Documents/Projects/seenit/deploy/user/src/main/middlewares/auth-middleware.ts": {"path":"/Users/cleristoncardoso/Documents/Projects/seenit/deploy/user/src/main/middlewares/auth-middleware.ts","all":false,"statementMap":{"0":{"start":{"line":1,"column":0},"end":{"line":1,"column":72}},"1":{"start":{"line":2,"column":0},"end":{"line":2,"column":77}},"2":{"start":{"line":3,"column":0},"end":{"line":3,"column":60}},"3":{"start":{"line":4,"column":0},"end":{"line":4,"column":0}},"4":{"start":{"line":5,"column":0},"end":{"line":5,"column":105}},"5":{"start":{"line":6,"column":0},"end":{"line":6,"column":68}},"6":{"start":{"line":7,"column":0},"end":{"line":7,"column":50}},"7":{"start":{"line":8,"column":0},"end":{"line":8,"column":49}},"8":{"start":{"line":9,"column":0},"end":{"line":9,"column":10}},"9":{"start":{"line":10,"column":0},"end":{"line":10,"column":61}},"10":{"start":{"line":11,"column":0},"end":{"line":11,"column":10}},"11":{"start":{"line":12,"column":0},"end":{"line":12,"column":3}},"12":{"start":{"line":13,"column":0},"end":{"line":13,"column":1}}},"s":{"0":1,"1":1,"2":1,"3":1,"4":1,"5":2,"6":2,"7":1,"8":1,"9":1,"10":1,"11":1,"12":2},"branchMap":{"0":{"type":"branch","line":5,"loc":{"start":{"line":5,"column":30},"end":{"line":13,"column":1}},"locations":[{"start":{"line":5,"column":30},"end":{"line":13,"column":1}}]},"1":{"type":"branch","line":7,"loc":{"start":{"line":7,"column":49},"end":{"line":12,"column":3}},"locations":[{"start":{"line":7,"column":49},"end":{"line":12,"column":3}}]}},"b":{"0":[2],"1":[1]},"fnMap":{"0":{"name":"authMiddleware","decl":{"start":{"line":5,"column":30},"end":{"line":13,"column":1}},"loc":{"start":{"line":5,"column":30},"end":{"line":13,"column":1}},"line":5}},"f":{"0":2}}
,"/Users/cleristoncardoso/Documents/Projects/seenit/deploy/user/src/main/middlewares/autorize-middleware.ts": {"path":"/Users/cleristoncardoso/Documents/Projects/seenit/deploy/user/src/main/middlewares/autorize-middleware.ts","all":false,"statementMap":{"0":{"start":{"line":1,"column":0},"end":{"line":1,"column":56}},"1":{"start":{"line":2,"column":0},"end":{"line":2,"column":60}},"2":{"start":{"line":3,"column":0},"end":{"line":3,"column":0}},"3":{"start":{"line":4,"column":0},"end":{"line":4,"column":66}},"4":{"start":{"line":5,"column":0},"end":{"line":5,"column":30}},"5":{"start":{"line":6,"column":0},"end":{"line":6,"column":12}},"6":{"start":{"line":7,"column":0},"end":{"line":7,"column":19}},"7":{"start":{"line":8,"column":0},"end":{"line":8,"column":17}},"8":{"start":{"line":9,"column":0},"end":{"line":9,"column":23}},"9":{"start":{"line":10,"column":0},"end":{"line":10,"column":1}},"10":{"start":{"line":11,"column":0},"end":{"line":11,"column":0}},"11":{"start":{"line":12,"column":0},"end":{"line":12,"column":97}},"12":{"start":{"line":13,"column":0},"end":{"line":13,"column":36}},"13":{"start":{"line":14,"column":0},"end":{"line":14,"column":34}},"14":{"start":{"line":15,"column":0},"end":{"line":15,"column":10}},"15":{"start":{"line":16,"column":0},"end":{"line":16,"column":44}},"16":{"start":{"line":17,"column":0},"end":{"line":17,"column":9}},"17":{"start":{"line":18,"column":0},"end":{"line":18,"column":99}},"18":{"start":{"line":19,"column":0},"end":{"line":19,"column":51}},"19":{"start":{"line":20,"column":0},"end":{"line":20,"column":27}},"20":{"start":{"line":21,"column":0},"end":{"line":21,"column":21}},"21":{"start":{"line":22,"column":0},"end":{"line":22,"column":36}},"22":{"start":{"line":23,"column":0},"end":{"line":23,"column":5}},"23":{"start":{"line":24,"column":0},"end":{"line":24,"column":3}},"24":{"start":{"line":25,"column":0},"end":{"line":25,"column":1}}},"s":{"0":1,"1":1,"2":1,"3":1,"4":1,"5":1,"6":1,"7":1,"8":1,"9":1,"10":1,"11":1,"12":2,"13":1,"14":1,"15":1,"16":1,"17":1,"18":1,"19":1,"20":1,"21":0,"22":0,"23":1,"24":2},"branchMap":{"0":{"type":"branch","line":12,"loc":{"start":{"line":12,"column":33},"end":{"line":25,"column":1}},"locations":[{"start":{"line":12,"column":33},"end":{"line":25,"column":1}}]},"1":{"type":"branch","line":13,"loc":{"start":{"line":13,"column":35},"end":{"line":24,"column":3}},"locations":[{"start":{"line":13,"column":35},"end":{"line":24,"column":3}}]},"2":{"type":"branch","line":21,"loc":{"start":{"line":21,"column":6},"end":{"line":23,"column":5}},"locations":[{"start":{"line":21,"column":6},"end":{"line":23,"column":5}}]}},"b":{"0":[2],"1":[1],"2":[0]},"fnMap":{"0":{"name":"autorizeMiddeware","decl":{"start":{"line":12,"column":33},"end":{"line":25,"column":1}},"loc":{"start":{"line":12,"column":33},"end":{"line":25,"column":1}},"line":12}},"f":{"0":2}}
,"/Users/cleristoncardoso/Documents/Projects/seenit/deploy/user/src/main/middlewares/cookie-middleware.ts": {"path":"/Users/cleristoncardoso/Documents/Projects/seenit/deploy/user/src/main/middlewares/cookie-middleware.ts","all":false,"statementMap":{"0":{"start":{"line":1,"column":0},"end":{"line":1,"column":42}},"1":{"start":{"line":2,"column":0},"end":{"line":2,"column":93}},"2":{"start":{"line":3,"column":0},"end":{"line":3,"column":72}},"3":{"start":{"line":4,"column":0},"end":{"line":4,"column":0}},"4":{"start":{"line":5,"column":0},"end":{"line":5,"column":89}},"5":{"start":{"line":6,"column":0},"end":{"line":6,"column":69}},"6":{"start":{"line":7,"column":0},"end":{"line":7,"column":35}},"7":{"start":{"line":8,"column":0},"end":{"line":8,"column":71}},"8":{"start":{"line":9,"column":0},"end":{"line":9,"column":30}},"9":{"start":{"line":10,"column":0},"end":{"line":10,"column":104}},"10":{"start":{"line":11,"column":0},"end":{"line":11,"column":5}},"11":{"start":{"line":12,"column":0},"end":{"line":12,"column":10}},"12":{"start":{"line":13,"column":0},"end":{"line":13,"column":3}},"13":{"start":{"line":14,"column":0},"end":{"line":14,"column":1}}},"s":{"0":1,"1":1,"2":1,"3":1,"4":1,"5":0,"6":0,"7":0,"8":0,"9":0,"10":0,"11":0,"12":0,"13":0},"branchMap":{},"b":{},"fnMap":{"0":{"name":"cookieMiddleware","decl":{"start":{"line":5,"column":32},"end":{"line":14,"column":1}},"loc":{"start":{"line":5,"column":32},"end":{"line":14,"column":1}},"line":5}},"f":{"0":0}}
,"/Users/cleristoncardoso/Documents/Projects/seenit/deploy/user/src/main/middlewares/index.ts": {"path":"/Users/cleristoncardoso/Documents/Projects/seenit/deploy/user/src/main/middlewares/index.ts","all":false,"statementMap":{"0":{"start":{"line":1,"column":0},"end":{"line":1,"column":37}},"1":{"start":{"line":2,"column":0},"end":{"line":2,"column":33}},"2":{"start":{"line":3,"column":0},"end":{"line":3,"column":35}}},"s":{"0":1,"1":1,"2":1},"branchMap":{},"b":{},"fnMap":{},"f":{}}
}
