TN:
SF:src/application/errors/email-error.ts
FN:2,EmailError
FN:9,EmailAlreadyExistsError
FNF:2
FNH:0
FNDA:0,EmailError
FNDA:0,EmailAlreadyExistsError
DA:1,1
DA:2,1
DA:3,0
DA:4,0
DA:5,0
DA:6,1
DA:7,1
DA:8,1
DA:9,1
DA:10,0
DA:11,0
DA:12,0
DA:13,1
LF:13
LH:7
BRF:0
BRH:0
end_of_record
TN:
SF:src/application/errors/index.ts
FNF:0
FNH:0
DA:1,1
DA:2,1
DA:3,1
DA:4,1
LF:4
LH:4
BRF:0
BRH:0
end_of_record
TN:
SF:src/application/errors/missing-jwt-secret.ts
FN:2,MissingJWTSecret
FNF:1
FNH:0
FNDA:0,MissingJWTSecret
DA:1,1
DA:2,1
DA:3,0
DA:4,0
DA:5,0
DA:6,1
LF:6
LH:3
BRF:0
BRH:0
end_of_record
TN:
SF:src/application/errors/require-parameter-error.ts
FN:2,RequiredParameterError
FNF:1
FNH:0
FNDA:0,RequiredParameterError
DA:1,1
DA:2,1
DA:3,0
DA:4,0
DA:5,0
DA:6,1
LF:6
LH:3
BRF:0
BRH:0
end_of_record
TN:
SF:src/application/errors/unauthorized-error.ts
FN:2,UnauthorizedError
FNF:1
FNH:1
FNDA:1,UnauthorizedError
DA:1,1
DA:2,1
DA:3,1
DA:4,1
DA:5,1
DA:6,1
LF:6
LH:6
BRDA:2,0,0,1
BRF:1
BRH:1
end_of_record
TN:
SF:src/main/middlewares/auth-middleware.ts
FN:5,authMiddleware
FNF:1
FNH:1
FNDA:2,authMiddleware
DA:1,1
DA:2,1
DA:3,1
DA:4,1
DA:5,1
DA:6,2
DA:7,2
DA:8,1
DA:9,1
DA:10,1
DA:11,1
DA:12,1
DA:13,2
LF:13
LH:13
BRDA:5,0,0,2
BRDA:7,1,0,1
BRF:2
BRH:2
end_of_record
TN:
SF:src/main/middlewares/autorize-middleware.ts
FN:12,autorizeMiddeware
FNF:1
FNH:1
FNDA:2,autorizeMiddeware
DA:1,1
DA:2,1
DA:3,1
DA:4,1
DA:5,1
DA:6,1
DA:7,1
DA:8,1
DA:9,1
DA:10,1
DA:11,1
DA:12,1
DA:13,2
DA:14,1
DA:15,1
DA:16,1
DA:17,1
DA:18,1
DA:19,1
DA:20,1
DA:21,1
DA:22,0
DA:23,0
DA:24,1
DA:25,2
LF:25
LH:23
BRDA:12,0,0,2
BRDA:13,1,0,1
BRDA:21,2,0,0
BRF:3
BRH:2
end_of_record
TN:
SF:src/main/middlewares/cookie-middleware.ts
FN:5,cookieMiddleware
FNF:1
FNH:0
FNDA:0,cookieMiddleware
DA:1,1
DA:2,1
DA:3,1
DA:4,1
DA:5,1
DA:6,0
DA:7,0
DA:8,0
DA:9,0
DA:10,0
DA:11,0
DA:12,0
DA:13,0
DA:14,0
LF:14
LH:5
BRF:0
BRH:0
end_of_record
TN:
SF:src/main/middlewares/index.ts
FNF:0
FNH:0
DA:1,1
DA:2,1
DA:3,1
LF:3
LH:3
BRF:0
BRH:0
end_of_record
