TN:
SF:deploy/graphql/src/application/contracts/http.ts
FNF:0
FNH:0
DA:1,1
DA:2,1
DA:3,1
DA:4,1
DA:5,1
DA:6,1
DA:7,1
DA:8,1
DA:9,1
DA:10,1
DA:11,1
DA:12,1
DA:13,1
DA:14,1
DA:15,1
DA:16,1
DA:17,1
DA:18,1
DA:19,1
DA:20,1
DA:21,1
DA:22,1
DA:23,1
DA:24,1
LF:24
LH:24
BRDA:12,0,0,1
BRF:1
BRH:1
end_of_record
TN:
SF:deploy/graphql/src/infra/adapter/axios-adapter.ts
FN:4,axiosAdapter
FNF:1
FNH:1
FNDA:3,axiosAdapter
DA:1,1
DA:2,1
DA:3,1
DA:4,1
DA:5,3
DA:6,3
DA:7,3
DA:8,2
DA:9,2
DA:10,3
DA:11,1
DA:12,1
DA:13,1
DA:14,3
DA:15,3
LF:15
LH:15
BRDA:4,0,0,3
BRDA:4,1,0,3
BRDA:7,2,0,0
BRDA:7,3,0,0
BRDA:8,4,0,2
BRDA:10,5,0,1
BRF:6
BRH:4
end_of_record
TN:
SF:deploy/project/src/application/controller/index.ts
FNF:0
FNH:0
DA:1,1
LF:1
LH:1
BRF:0
BRH:0
end_of_record
TN:
SF:deploy/project/src/application/controller/projects/create-project-controller.ts
FN:9,CreateProjectController
FN:14,handle
FNF:2
FNH:2
FNDA:8,CreateProjectController
FNDA:7,handle
DA:1,1
DA:2,1
DA:3,1
DA:4,1
DA:5,1
DA:6,1
DA:7,1
DA:8,1
DA:9,1
DA:10,8
DA:11,8
DA:12,8
DA:13,1
DA:14,1
DA:15,7
DA:16,7
DA:17,7
DA:18,7
DA:19,7
DA:20,7
DA:21,1
LF:21
LH:21
BRDA:9,0,0,8
BRDA:14,1,0,7
BRDA:17,2,0,3
BRDA:18,3,0,5
BRDA:18,4,0,4
BRDA:18,5,0,3
BRDA:18,6,0,3
BRDA:18,7,0,3
BRF:8
BRH:8
end_of_record
TN:
SF:deploy/project/src/application/controller/projects/delete-project-controller.ts
FN:12,DeleteProjectController
FN:17,handle
FNF:2
FNH:2
FNDA:8,DeleteProjectController
FNDA:6,handle
DA:1,1
DA:2,1
DA:3,1
DA:4,1
DA:5,1
DA:6,1
DA:7,1
DA:8,1
DA:9,1
DA:10,1
DA:11,1
DA:12,1
DA:13,8
DA:14,8
DA:15,8
DA:16,1
DA:17,1
DA:18,6
DA:19,6
DA:20,6
DA:21,4
DA:22,4
DA:23,4
DA:24,1
LF:24
LH:24
BRDA:12,0,0,8
BRDA:17,1,0,6
BRDA:20,2,0,5
BRDA:20,3,0,2
BRDA:21,4,0,4
BRF:5
BRH:5
end_of_record
TN:
SF:deploy/project/src/application/controller/projects/load-project-controller.ts
FN:7,LoadProjectController
FN:8,handle
FNF:2
FNH:2
FNDA:6,LoadProjectController
FNDA:3,handle
DA:1,1
DA:2,1
DA:3,1
DA:4,1
DA:5,1
DA:6,1
DA:7,1
DA:8,1
DA:9,3
DA:10,3
DA:11,3
DA:12,1
LF:12
LH:12
BRDA:7,0,0,6
BRDA:8,1,0,3
BRF:2
BRH:2
end_of_record
TN:
SF:deploy/project/src/application/controller/projects/update-project-controller.ts
FN:9,UpdateProjectController
FN:14,handle
FNF:2
FNH:2
FNDA:8,UpdateProjectController
FNDA:6,handle
DA:1,1
DA:2,1
DA:3,1
DA:4,1
DA:5,1
DA:6,1
DA:7,1
DA:8,1
DA:9,1
DA:10,8
DA:11,8
DA:12,8
DA:13,1
DA:14,1
DA:15,6
DA:16,6
DA:17,6
DA:18,4
DA:19,4
DA:20,4
DA:21,1
LF:21
LH:21
BRDA:9,0,0,8
BRDA:14,1,0,6
BRDA:17,2,0,5
BRDA:17,3,0,2
BRDA:18,4,0,4
BRF:5
BRH:5
end_of_record
TN:
SF:deploy/project/src/application/errors/duplicated-project-error.ts
FN:2,DuplicatedProjectError
FNF:1
FNH:1
FNDA:2,DuplicatedProjectError
DA:1,1
DA:2,1
DA:3,2
DA:4,2
DA:5,2
DA:6,1
LF:6
LH:6
BRDA:2,0,0,2
BRF:1
BRH:1
end_of_record
TN:
SF:deploy/project/src/application/errors/index.ts
FNF:0
FNH:0
DA:1,1
DA:2,1
DA:3,1
LF:3
LH:3
BRF:0
BRH:0
end_of_record
TN:
SF:deploy/project/src/application/errors/require-parameter-error.ts
FN:2,RequiredParameterError
FNF:1
FNH:1
FNDA:6,RequiredParameterError
DA:1,1
DA:2,1
DA:3,6
DA:4,6
DA:5,6
DA:6,1
LF:6
LH:6
BRDA:2,0,0,6
BRF:1
BRH:1
end_of_record
TN:
SF:deploy/project/src/application/errors/unauthorized-error.ts
FN:2,UnauthorizedError
FNF:1
FNH:1
FNDA:2,UnauthorizedError
DA:1,1
DA:2,1
DA:3,2
DA:4,2
DA:5,2
DA:6,1
LF:6
LH:6
BRDA:2,0,0,2
BRF:1
BRH:1
end_of_record
TN:
SF:deploy/project/src/application/helpers/http-returns.ts
FN:3,badRequest
FN:4,ok
FN:5,created
FNF:3
FNH:3
FNDA:7,badRequest
FNDA:11,ok
FNDA:4,created
DA:1,1
DA:2,1
DA:3,1
DA:4,1
DA:5,1
LF:5
LH:5
BRDA:3,0,0,7
BRDA:4,1,0,11
BRDA:5,2,0,4
BRF:3
BRH:3
end_of_record
TN:
SF:deploy/project/src/application/mocks/models-mock.ts
FNF:0
FNH:0
DA:1,1
DA:2,1
DA:3,1
DA:4,1
DA:5,1
DA:6,1
DA:7,1
DA:8,1
DA:9,1
DA:10,1
DA:11,1
DA:12,1
DA:13,1
DA:14,1
DA:15,1
DA:16,1
LF:16
LH:16
BRF:0
BRH:0
end_of_record
TN:
SF:deploy/project/src/infra/adapters/express-adapter.ts
FN:4,expressAdapter
FNF:1
FNH:1
FNDA:16,expressAdapter
DA:1,1
DA:2,1
DA:3,1
DA:4,1
DA:5,16
DA:6,8
DA:7,8
DA:8,8
DA:9,8
DA:10,16
LF:10
LH:10
BRDA:4,0,0,16
BRDA:5,1,0,8
BRF:2
BRH:2
end_of_record
TN:
SF:deploy/project/src/infra/adapters/index.ts
FNF:0
FNH:0
DA:1,1
LF:1
LH:1
BRF:0
BRH:0
end_of_record
TN:
SF:deploy/project/src/infra/repository/project-repository.ts
FN:6,create
FN:18,update
FN:30,load
FN:34,delete
FNF:4
FNH:4
FNDA:1,create
FNDA:1,update
FNDA:2,load
FNDA:1,delete
DA:1,1
DA:2,1
DA:3,1
DA:4,1
DA:5,1
DA:6,1
DA:7,1
DA:8,0
DA:9,0
DA:10,0
DA:11,0
DA:12,1
DA:13,1
DA:14,1
DA:15,1
DA:16,1
DA:17,1
DA:18,1
DA:19,1
DA:20,1
DA:21,1
DA:22,0
DA:23,0
DA:24,0
DA:25,0
DA:26,0
DA:27,1
DA:28,1
DA:29,1
DA:30,1
DA:31,2
DA:32,2
DA:33,1
DA:34,1
DA:35,1
DA:36,1
DA:37,1
DA:38,0
DA:39,0
DA:40,0
DA:41,1
DA:42,1
DA:43,1
LF:43
LH:31
BRDA:6,0,0,1
BRDA:18,1,0,1
BRDA:19,2,0,0
BRDA:21,3,0,0
BRDA:30,4,0,2
BRDA:34,5,0,1
BRDA:35,6,0,0
BRDA:37,7,0,0
BRF:8
BRH:4
end_of_record
TN:
SF:deploy/project/src/main/config/app.ts
FNF:0
FNH:0
DA:1,1
DA:2,1
DA:3,1
DA:4,1
DA:5,1
DA:6,1
DA:7,1
DA:8,1
DA:9,1
DA:10,1
DA:11,1
DA:12,1
LF:12
LH:12
BRF:0
BRH:0
end_of_record
TN:
SF:deploy/project/src/main/config/router.ts
FN:7,setupRouters
FNF:1
FNH:1
FNDA:4,setupRouters
DA:1,1
DA:2,1
DA:3,1
DA:4,1
DA:5,1
DA:6,1
DA:7,1
DA:8,4
DA:9,4
DA:10,4
DA:11,4
DA:12,4
DA:13,4
DA:14,4
LF:14
LH:14
BRDA:7,0,0,4
BRF:1
BRH:1
end_of_record
TN:
SF:deploy/project/src/main/docs/index.ts
FNF:0
FNH:0
DA:1,1
DA:2,1
DA:3,1
DA:4,1
DA:5,1
DA:6,1
DA:7,1
DA:8,1
DA:9,1
DA:10,1
DA:11,1
DA:12,1
DA:13,1
DA:14,1
DA:15,1
DA:16,1
DA:17,1
DA:18,1
DA:19,1
DA:20,1
DA:21,1
DA:22,1
DA:23,1
DA:24,1
DA:25,1
DA:26,1
DA:27,1
DA:28,1
DA:29,1
DA:30,1
DA:31,1
DA:32,1
DA:33,1
DA:34,1
DA:35,1
DA:36,1
LF:36
LH:36
BRF:0
BRH:0
end_of_record
TN:
SF:deploy/project/src/main/docs/paths/project/create-project-path.ts
FNF:0
FNH:0
DA:1,1
DA:2,1
DA:3,1
DA:4,1
DA:5,1
DA:6,1
DA:7,1
DA:8,1
DA:9,1
DA:10,1
DA:11,1
DA:12,1
DA:13,1
DA:14,1
DA:15,1
DA:16,1
DA:17,1
DA:18,1
DA:19,1
DA:20,1
DA:21,1
DA:22,1
DA:23,1
DA:24,1
DA:25,1
DA:26,1
DA:27,1
DA:28,1
DA:29,1
DA:30,1
DA:31,1
DA:32,1
DA:33,1
DA:34,1
DA:35,1
DA:36,1
DA:37,1
DA:38,1
DA:39,1
DA:40,1
DA:41,1
DA:42,1
DA:43,1
DA:44,1
DA:45,1
DA:46,1
DA:47,1
DA:48,1
DA:49,1
DA:50,1
DA:51,1
DA:52,1
DA:53,1
DA:54,1
DA:55,1
DA:56,1
DA:57,1
DA:58,1
DA:59,1
DA:60,1
DA:61,1
DA:62,1
DA:63,1
DA:64,1
DA:65,1
DA:66,1
DA:67,1
DA:68,1
LF:68
LH:68
BRF:0
BRH:0
end_of_record
TN:
SF:deploy/project/src/main/docs/paths/project/delete-project-path.ts
FNF:0
FNH:0
DA:1,1
DA:2,1
DA:3,1
DA:4,1
DA:5,1
DA:6,1
DA:7,1
DA:8,1
DA:9,1
DA:10,1
DA:11,1
DA:12,1
DA:13,1
DA:14,1
DA:15,1
DA:16,1
DA:17,1
DA:18,1
DA:19,1
DA:20,1
DA:21,1
DA:22,1
DA:23,1
DA:24,1
DA:25,1
DA:26,1
DA:27,1
DA:28,1
DA:29,1
DA:30,1
DA:31,1
DA:32,1
DA:33,1
DA:34,1
DA:35,1
DA:36,1
DA:37,1
DA:38,1
DA:39,1
DA:40,1
DA:41,1
DA:42,1
DA:43,1
DA:44,1
DA:45,1
DA:46,1
DA:47,1
DA:48,1
DA:49,1
DA:50,1
DA:51,1
DA:52,1
DA:53,1
DA:54,1
DA:55,1
DA:56,1
DA:57,1
DA:58,1
DA:59,1
DA:60,1
DA:61,1
DA:62,1
DA:63,1
DA:64,1
DA:65,1
LF:65
LH:65
BRF:0
BRH:0
end_of_record
TN:
SF:deploy/project/src/main/docs/paths/project/load-projects-path.ts
FNF:0
FNH:0
DA:1,1
DA:2,1
DA:3,1
DA:4,1
DA:5,1
DA:6,1
DA:7,1
DA:8,1
DA:9,1
DA:10,1
DA:11,1
DA:12,1
DA:13,1
DA:14,1
DA:15,1
DA:16,1
DA:17,1
DA:18,1
DA:19,1
DA:20,1
DA:21,1
DA:22,1
DA:23,1
DA:24,1
DA:25,1
DA:26,1
DA:27,1
DA:28,1
DA:29,1
DA:30,1
DA:31,1
DA:32,1
DA:33,1
DA:34,1
DA:35,1
DA:36,1
DA:37,1
DA:38,1
DA:39,1
DA:40,1
DA:41,1
DA:42,1
DA:43,1
DA:44,1
DA:45,1
DA:46,1
DA:47,1
DA:48,1
DA:49,1
DA:50,1
DA:51,1
DA:52,1
DA:53,1
DA:54,1
LF:54
LH:54
BRF:0
BRH:0
end_of_record
TN:
SF:deploy/project/src/main/docs/paths/project/update-project-path.ts
FNF:0
FNH:0
DA:1,1
DA:2,1
DA:3,1
DA:4,1
DA:5,1
DA:6,1
DA:7,1
DA:8,1
DA:9,1
DA:10,1
DA:11,1
DA:12,1
DA:13,1
DA:14,1
DA:15,1
DA:16,1
DA:17,1
DA:18,1
DA:19,1
DA:20,1
DA:21,1
DA:22,1
DA:23,1
DA:24,1
DA:25,1
DA:26,1
DA:27,1
DA:28,1
DA:29,1
DA:30,1
DA:31,1
DA:32,1
DA:33,1
DA:34,1
DA:35,1
DA:36,1
DA:37,1
DA:38,1
DA:39,1
DA:40,1
DA:41,1
DA:42,1
DA:43,1
DA:44,1
DA:45,1
DA:46,1
DA:47,1
DA:48,1
DA:49,1
DA:50,1
DA:51,1
DA:52,1
DA:53,1
DA:54,1
DA:55,1
DA:56,1
DA:57,1
DA:58,1
DA:59,1
DA:60,1
DA:61,1
DA:62,1
DA:63,1
DA:64,1
DA:65,1
DA:66,1
DA:67,1
DA:68,1
DA:69,1
DA:70,1
DA:71,1
LF:71
LH:71
BRF:0
BRH:0
end_of_record
TN:
SF:deploy/project/src/main/docs/schemas/project-schema.ts
FNF:0
FNH:0
DA:1,1
DA:2,1
DA:3,1
DA:4,1
DA:5,1
DA:6,1
DA:7,1
DA:8,1
DA:9,1
DA:10,1
DA:11,1
DA:12,1
DA:13,1
DA:14,1
DA:15,1
DA:16,1
DA:17,1
DA:18,1
DA:19,1
DA:20,1
DA:21,1
DA:22,1
DA:23,1
LF:23
LH:23
BRF:0
BRH:0
end_of_record
TN:
SF:deploy/project/src/main/factory/controller/create-project-controller-factory.ts
FN:7,createProjectControllerFactory
FNF:1
FNH:1
FNDA:4,createProjectControllerFactory
DA:1,1
DA:2,1
DA:3,1
DA:4,1
DA:5,1
DA:6,1
DA:7,1
DA:8,4
DA:9,4
DA:10,4
DA:11,4
DA:12,4
DA:13,4
DA:14,4
DA:15,4
LF:15
LH:15
BRDA:7,0,0,4
BRF:1
BRH:1
end_of_record
TN:
SF:deploy/project/src/main/factory/controller/delete-project-controller-factory.ts
FN:6,deleteProjectControllerFactory
FNF:1
FNH:1
FNDA:4,deleteProjectControllerFactory
DA:1,1
DA:2,1
DA:3,1
DA:4,1
DA:5,1
DA:6,1
DA:7,4
DA:8,4
DA:9,4
DA:10,4
DA:11,4
DA:12,4
LF:12
LH:12
BRDA:6,0,0,4
BRF:1
BRH:1
end_of_record
TN:
SF:deploy/project/src/main/factory/controller/load-projects-controller-factory.ts
FN:4,loadProjectsControllerFactory
FNF:1
FNH:1
FNDA:4,loadProjectsControllerFactory
DA:1,1
DA:2,1
DA:3,1
DA:4,1
DA:5,4
DA:6,4
LF:6
LH:6
BRDA:4,0,0,4
BRF:1
BRH:1
end_of_record
TN:
SF:deploy/project/src/main/factory/controller/update-project-controller-factory.ts
FN:6,updateProjectControllerFactory
FNF:1
FNH:1
FNDA:4,updateProjectControllerFactory
DA:1,1
DA:2,1
DA:3,1
DA:4,1
DA:5,1
DA:6,1
DA:7,4
DA:8,4
DA:9,4
DA:10,4
DA:11,4
DA:12,4
LF:12
LH:12
BRDA:6,0,0,4
BRF:1
BRH:1
end_of_record
TN:
SF:deploy/project/src/main/middlewares/auth-middleware.ts
FN:5,authMiddleware
FNF:1
FNH:1
FNDA:10,authMiddleware
DA:1,1
DA:2,1
DA:3,1
DA:4,1
DA:5,1
DA:6,10
DA:7,10
DA:8,1
DA:9,9
DA:10,9
DA:11,9
DA:12,9
DA:13,10
LF:13
LH:13
BRDA:5,0,0,10
BRDA:7,1,0,9
BRDA:7,2,0,1
BRF:3
BRH:3
end_of_record
TN:
SF:deploy/project/src/main/middlewares/autorize-middleware.ts
FN:14,autorizeMiddeware
FNF:1
FNH:1
FNDA:10,autorizeMiddeware
DA:1,1
DA:2,1
DA:3,1
DA:4,1
DA:5,1
DA:6,1
DA:7,1
DA:8,1
DA:9,1
DA:10,1
DA:11,1
DA:12,1
DA:13,1
DA:14,1
DA:15,10
DA:16,1
DA:17,9
DA:18,9
DA:19,9
DA:20,9
DA:21,9
DA:22,9
DA:23,9
DA:24,9
DA:25,9
DA:26,9
DA:27,9
DA:28,0
DA:29,0
DA:30,0
DA:31,9
DA:32,10
LF:32
LH:29
BRDA:14,0,0,10
BRDA:15,1,0,9
BRDA:15,2,0,1
BRDA:27,3,0,0
BRF:4
BRH:3
end_of_record
TN:
SF:deploy/project/src/main/middlewares/index.ts
FNF:0
FNH:0
DA:1,1
DA:2,1
LF:2
LH:2
BRF:0
BRH:0
end_of_record
TN:
SF:deploy/project/src/main/middlewares/permission-middleware.ts
FN:35,permissionMiddeware
FNF:1
FNH:1
FNDA:16,permissionMiddeware
DA:1,1
DA:2,1
DA:3,1
DA:4,1
DA:5,1
DA:6,1
DA:7,1
DA:8,1
DA:9,1
DA:10,1
DA:11,1
DA:12,1
DA:13,1
DA:14,1
DA:15,1
DA:16,1
DA:17,4
DA:18,4
DA:19,4
DA:20,4
DA:21,4
DA:22,4
DA:23,1
DA:24,1
DA:25,1
DA:26,1
DA:27,1
DA:28,1
DA:29,1
DA:30,1
DA:31,1
DA:32,1
DA:33,1
DA:34,1
DA:35,1
DA:36,16
DA:37,8
DA:38,8
DA:39,8
DA:40,8
DA:41,8
DA:42,8
DA:43,8
DA:44,8
DA:45,8
DA:46,8
DA:47,8
DA:48,8
DA:49,8
DA:50,8
DA:51,8
DA:52,8
DA:53,8
DA:54,0
DA:55,8
DA:56,8
DA:57,8
DA:58,8
DA:59,16
LF:59
LH:58
BRDA:17,0,0,4
BRDA:35,1,0,16
BRDA:36,2,0,8
BRDA:53,3,0,0
BRF:4
BRH:3
end_of_record
TN:
SF:deploy/project/src/main/routers/project/create-project-router.ts
FN:7,createProjectRouter
FNF:1
FNH:1
FNDA:4,createProjectRouter
DA:1,1
DA:2,1
DA:3,1
DA:4,1
DA:5,1
DA:6,1
DA:7,1
DA:8,4
DA:9,4
DA:10,4
DA:11,4
DA:12,4
DA:13,4
DA:14,4
DA:15,4
DA:16,4
DA:17,4
DA:18,4
DA:19,4
DA:20,4
LF:20
LH:20
BRDA:7,0,0,4
BRF:1
BRH:1
end_of_record
TN:
SF:deploy/project/src/main/routers/project/delete-project-router.ts
FN:7,deleteProjectRouter
FNF:1
FNH:1
FNDA:4,deleteProjectRouter
DA:1,1
DA:2,1
DA:3,1
DA:4,1
DA:5,1
DA:6,1
DA:7,1
DA:8,4
DA:9,4
DA:10,4
DA:11,4
DA:12,4
DA:13,4
DA:14,4
DA:15,4
DA:16,4
DA:17,4
DA:18,4
DA:19,4
DA:20,4
LF:20
LH:20
BRDA:7,0,0,4
BRF:1
BRH:1
end_of_record
TN:
SF:deploy/project/src/main/routers/project/load-projects-router.ts
FN:7,loadProjectRouter
FNF:1
FNH:1
FNDA:4,loadProjectRouter
DA:1,1
DA:2,1
DA:3,1
DA:4,1
DA:5,1
DA:6,1
DA:7,1
DA:8,4
DA:9,4
DA:10,4
DA:11,4
DA:12,4
DA:13,4
DA:14,4
DA:15,4
DA:16,4
DA:17,4
DA:18,4
DA:19,4
DA:20,4
LF:20
LH:20
BRDA:7,0,0,4
BRF:1
BRH:1
end_of_record
TN:
SF:deploy/project/src/main/routers/project/update-project-router.ts
FN:7,updateProjectRouter
FNF:1
FNH:1
FNDA:4,updateProjectRouter
DA:1,1
DA:2,1
DA:3,1
DA:4,1
DA:5,1
DA:6,1
DA:7,1
DA:8,4
DA:9,4
DA:10,4
DA:11,4
DA:12,4
DA:13,4
DA:14,4
DA:15,4
DA:16,4
DA:17,4
DA:18,4
DA:19,4
DA:20,4
LF:20
LH:20
BRDA:7,0,0,4
BRF:1
BRH:1
end_of_record
TN:
SF:deploy/project/src/main/swagger/setup-swagger.ts
FN:5,setupSwagger
FNF:1
FNH:1
FNDA:4,setupSwagger
DA:1,1
DA:2,1
DA:3,1
DA:4,1
DA:5,1
DA:6,4
DA:7,4
LF:7
LH:7
BRDA:5,0,0,4
BRF:1
BRH:1
end_of_record
TN:
SF:deploy/project/src/validators/check-if-project-already-exists-validator.ts
FN:6,CheckIfProjectExistsValidator
FN:7,validate
FNF:2
FNH:2
FNDA:7,CheckIfProjectExistsValidator
FNDA:4,validate
DA:1,1
DA:2,1
DA:3,1
DA:4,1
DA:5,1
DA:6,1
DA:7,1
DA:8,4
DA:9,4
DA:10,4
DA:11,3
DA:12,3
DA:13,1
LF:13
LH:13
BRDA:6,0,0,7
BRDA:7,1,0,4
BRDA:10,2,0,1
BRDA:11,3,0,3
BRDA:9,4,0,2
BRF:5
BRH:5
end_of_record
TN:
SF:deploy/project/src/validators/index.ts
FNF:0
FNH:0
DA:1,1
LF:1
LH:1
BRF:0
BRH:0
end_of_record
TN:
SF:deploy/project/src/validators/required-parameter-validator.ts
FN:9,RequiredParameterValidator
FN:11,validate
FNF:2
FNH:2
FNDA:18,RequiredParameterValidator
FNDA:11,validate
DA:1,1
DA:2,1
DA:3,1
DA:4,1
DA:5,1
DA:6,1
DA:7,1
DA:8,1
DA:9,1
DA:10,1
DA:11,1
DA:12,11
DA:13,6
DA:14,6
DA:15,1
LF:15
LH:15
BRDA:9,0,0,18
BRDA:11,1,0,11
BRDA:12,2,0,8
BRDA:12,3,0,5
BRDA:13,4,0,6
BRF:5
BRH:5
end_of_record
TN:
SF:deploy/project/src/validators/validator-composite.ts
FN:4,ValidatorComposite
FN:6,validate
FNF:2
FNH:2
FNDA:15,ValidatorComposite
FNDA:10,validate
DA:1,1
DA:2,1
DA:3,1
DA:4,1
DA:5,1
DA:6,1
DA:7,10
DA:8,13
DA:9,13
DA:10,5
DA:11,5
DA:12,13
DA:13,5
DA:14,5
DA:15,1
LF:15
LH:15
BRDA:4,0,0,15
BRDA:6,1,0,10
BRDA:7,2,0,13
BRDA:9,3,0,5
BRDA:13,4,0,5
BRF:5
BRH:5
end_of_record
TN:
SF:deploy/user/src/application/controller/index.ts
FNF:0
FNH:0
DA:1,1
DA:2,1
DA:3,1
DA:4,1
LF:4
LH:4
BRF:0
BRH:0
end_of_record
TN:
SF:deploy/user/src/application/controller/user/delete-user-controller.ts
FN:12,DeleteUserController
FN:17,handle
FNF:2
FNH:2
FNDA:8,DeleteUserController
FNDA:6,handle
DA:1,1
DA:2,1
DA:3,1
DA:4,1
DA:5,1
DA:6,1
DA:7,1
DA:8,1
DA:9,1
DA:10,1
DA:11,1
DA:12,1
DA:13,8
DA:14,8
DA:15,8
DA:16,1
DA:17,1
DA:18,6
DA:19,6
DA:20,6
DA:21,4
DA:22,4
DA:23,4
DA:24,1
LF:24
LH:24
BRDA:12,0,0,8
BRDA:17,1,0,6
BRDA:20,2,0,5
BRDA:20,3,0,2
BRDA:21,4,0,4
BRF:5
BRH:5
end_of_record
TN:
SF:deploy/user/src/application/controller/user/load-users-controller.ts
FN:7,LoadUsersController
FN:8,handle
FNF:2
FNH:2
FNDA:6,LoadUsersController
FNDA:3,handle
DA:1,1
DA:2,1
DA:3,1
DA:4,1
DA:5,1
DA:6,1
DA:7,1
DA:8,1
DA:9,3
DA:10,3
DA:11,3
DA:12,1
LF:12
LH:12
BRDA:7,0,0,6
BRDA:8,1,0,3
BRF:2
BRH:2
end_of_record
TN:
SF:deploy/user/src/application/controller/user/signup-controller.ts
FN:13,SignupController
FN:21,handle
FNF:2
FNH:2
FNDA:13,SignupController
FNDA:14,handle
DA:1,1
DA:2,1
DA:3,1
DA:4,1
DA:5,1
DA:6,1
DA:7,1
DA:8,1
DA:9,1
DA:10,1
DA:11,1
DA:12,1
DA:13,1
DA:14,13
DA:15,13
DA:16,13
DA:17,13
DA:18,13
DA:19,13
DA:20,1
DA:21,1
DA:22,14
DA:23,14
DA:24,14
DA:25,14
DA:26,9
DA:27,9
DA:28,9
DA:29,9
DA:30,9
DA:31,9
DA:32,9
DA:33,9
DA:34,9
DA:35,9
DA:36,9
DA:37,9
DA:38,9
DA:39,9
DA:40,9
DA:41,9
DA:42,9
DA:43,9
DA:44,9
DA:45,9
DA:46,9
DA:47,9
DA:48,9
DA:49,9
DA:50,9
DA:51,9
DA:52,9
DA:53,9
DA:54,9
DA:55,9
DA:56,9
DA:57,9
DA:58,9
DA:59,9
DA:60,9
DA:61,9
DA:62,9
DA:63,9
DA:64,9
DA:65,9
DA:66,9
DA:67,9
DA:68,9
DA:69,9
DA:70,9
DA:71,9
DA:72,9
DA:73,9
DA:74,9
DA:75,9
DA:76,9
DA:77,9
DA:78,9
DA:79,9
DA:80,9
DA:81,9
DA:82,9
DA:83,8
DA:84,8
DA:85,14
DA:86,1
DA:87,1
DA:88,1
DA:89,8
DA:90,8
DA:91,14
DA:92,14
DA:93,1
DA:94,1
DA:95,8
DA:96,14
DA:97,14
DA:98,1
DA:99,1
DA:100,1
DA:101,0
DA:102,0
DA:103,14
DA:104,1
LF:104
LH:102
BRDA:13,0,0,13
BRDA:21,1,0,14
BRDA:25,2,0,5
BRDA:26,3,0,10
BRDA:26,4,0,9
BRDA:83,5,0,8
BRDA:85,6,0,1
BRDA:85,7,0,10
BRDA:85,8,0,1
BRDA:89,9,0,8
BRDA:91,10,0,7
BRDA:92,11,0,10
BRDA:92,12,0,1
BRDA:95,13,0,8
BRDA:96,14,0,0
BRDA:97,15,0,1
BRDA:101,16,0,0
BRF:17
BRH:15
end_of_record
TN:
SF:deploy/user/src/application/controller/user/update-user-controller.ts
FN:9,UpdateUserController
FN:14,handle
FNF:2
FNH:2
FNDA:8,UpdateUserController
FNDA:6,handle
DA:1,1
DA:2,1
DA:3,1
DA:4,1
DA:5,1
DA:6,1
DA:7,1
DA:8,1
DA:9,1
DA:10,8
DA:11,8
DA:12,8
DA:13,1
DA:14,1
DA:15,6
DA:16,6
DA:17,6
DA:18,4
DA:19,4
DA:20,4
DA:21,1
LF:21
LH:21
BRDA:9,0,0,8
BRDA:14,1,0,6
BRDA:17,2,0,5
BRDA:17,3,0,2
BRDA:18,4,0,4
BRF:5
BRH:5
end_of_record
TN:
SF:deploy/user/src/application/errors/email-error.ts
FN:2,EmailError
FN:9,EmailAlreadyExistsError
FNF:2
FNH:1
FNDA:2,EmailError
FNDA:0,EmailAlreadyExistsError
DA:1,1
DA:2,1
DA:3,2
DA:4,2
DA:5,2
DA:6,1
DA:7,1
DA:8,1
DA:9,1
DA:10,0
DA:11,0
DA:12,0
DA:13,1
LF:13
LH:10
BRDA:2,0,0,2
BRF:1
BRH:1
end_of_record
TN:
SF:deploy/user/src/application/errors/index.ts
FNF:0
FNH:0
DA:1,1
DA:2,1
DA:3,1
DA:4,1
DA:5,1
DA:6,1
LF:6
LH:6
BRF:0
BRH:0
end_of_record
TN:
SF:deploy/user/src/application/errors/missing-jwt-secret.ts
FN:2,MissingJWTSecret
FNF:1
FNH:1
FNDA:2,MissingJWTSecret
DA:1,1
DA:2,1
DA:3,2
DA:4,2
DA:5,2
DA:6,1
LF:6
LH:6
BRDA:2,0,0,2
BRF:1
BRH:1
end_of_record
TN:
SF:deploy/user/src/application/errors/require-parameter-error.ts
FN:2,RequiredParameterError
FNF:1
FNH:1
FNDA:8,RequiredParameterError
DA:1,1
DA:2,1
DA:3,8
DA:4,8
DA:5,8
DA:6,1
LF:6
LH:6
BRDA:2,0,0,8
BRF:1
BRH:1
end_of_record
TN:
SF:deploy/user/src/application/errors/server-error.ts
FN:2,ServerError
FNF:1
FNH:0
FNDA:0,ServerError
DA:1,1
DA:2,1
DA:3,0
DA:4,0
DA:5,0
DA:6,1
LF:6
LH:3
BRF:0
BRH:0
end_of_record
TN:
SF:deploy/user/src/application/errors/unauthorized-error.ts
FN:2,UnauthorizedError
FNF:1
FNH:1
FNDA:8,UnauthorizedError
DA:1,1
DA:2,1
DA:3,8
DA:4,8
DA:5,8
DA:6,1
LF:6
LH:6
BRDA:2,0,0,8
BRF:1
BRH:1
end_of_record
TN:
SF:deploy/user/src/application/helpers/http-returns.ts
FN:3,badRequest
FN:4,serverError
FN:5,ok
FN:6,created
FNF:4
FNH:4
FNDA:9,badRequest
FNDA:1,serverError
FNDA:11,ok
FNDA:8,created
DA:1,1
DA:2,1
DA:3,1
DA:4,1
DA:5,1
DA:6,1
LF:6
LH:6
BRDA:3,0,0,9
BRDA:4,1,0,1
BRDA:5,2,0,11
BRDA:6,3,0,8
BRF:4
BRH:4
end_of_record
TN:
SF:deploy/user/src/application/mocks/create-user-model-mock.ts
FNF:0
FNH:0
DA:1,1
DA:2,1
DA:3,1
DA:4,1
DA:5,1
DA:6,1
DA:7,1
DA:8,1
DA:9,1
DA:10,1
DA:11,1
DA:12,1
DA:13,1
DA:14,1
DA:15,1
DA:16,1
DA:17,1
DA:18,1
DA:19,1
DA:20,1
DA:21,1
DA:22,1
DA:23,1
DA:24,1
DA:25,1
DA:26,1
DA:27,1
DA:28,1
DA:29,1
DA:30,1
DA:31,1
DA:32,1
DA:33,1
DA:34,1
DA:35,1
DA:36,1
DA:37,1
DA:38,1
DA:39,1
DA:40,1
DA:41,1
DA:42,1
DA:43,1
DA:44,1
DA:45,1
DA:46,1
DA:47,1
DA:48,1
DA:49,1
DA:50,1
DA:51,1
DA:52,1
DA:53,1
DA:54,1
DA:55,1
DA:56,1
DA:57,1
DA:58,1
DA:59,1
DA:60,1
DA:61,1
DA:62,1
DA:63,1
DA:64,1
DA:65,1
DA:66,1
DA:67,1
LF:67
LH:67
BRF:0
BRH:0
end_of_record
TN:
SF:deploy/user/src/infra/adapters/cookie-adapter.ts
FN:9,CookieAdapter
FN:14,build
FN:18,set
FN:25,destroy
FNF:4
FNH:3
FNDA:5,CookieAdapter
FNDA:5,build
FNDA:2,set
FNDA:0,destroy
DA:1,1
DA:2,1
DA:3,1
DA:4,1
DA:5,1
DA:6,1
DA:7,1
DA:8,1
DA:9,1
DA:10,5
DA:11,5
DA:12,5
DA:13,1
DA:14,1
DA:15,5
DA:16,5
DA:17,1
DA:18,1
DA:19,2
DA:20,2
DA:21,2
DA:22,2
DA:23,2
DA:24,1
DA:25,1
DA:26,0
DA:27,0
DA:28,0
DA:29,0
DA:30,0
DA:31,1
DA:32,1
DA:33,1
DA:34,1
DA:35,1
DA:36,1
DA:37,1
LF:37
LH:32
BRDA:9,0,0,5
BRDA:14,1,0,5
BRDA:18,2,0,2
BRF:3
BRH:3
end_of_record
TN:
SF:deploy/user/src/infra/adapters/crypto-adapter.ts
FN:6,hash
FNF:1
FNH:1
FNDA:4,hash
DA:1,1
DA:2,1
DA:3,1
DA:4,1
DA:5,1
DA:6,1
DA:7,4
DA:8,4
DA:9,4
DA:10,4
DA:11,4
DA:12,1
LF:12
LH:12
BRDA:6,0,0,4
BRF:1
BRH:1
end_of_record
TN:
SF:deploy/user/src/infra/adapters/express-adapter.ts
FN:4,expressAdapter
FNF:1
FNH:1
FNDA:16,expressAdapter
DA:1,1
DA:2,1
DA:3,1
DA:4,1
DA:5,16
DA:6,10
DA:7,10
DA:8,10
DA:9,10
DA:10,16
LF:10
LH:10
BRDA:4,0,0,16
BRDA:5,1,0,10
BRF:2
BRH:2
end_of_record
TN:
SF:deploy/user/src/infra/adapters/file-storage-adapter.ts
FN:8,save
FNF:1
FNH:1
FNDA:1,save
DA:1,1
DA:2,1
DA:3,1
DA:4,1
DA:5,1
DA:6,1
DA:7,1
DA:8,1
DA:9,1
DA:10,1
DA:11,1
DA:12,1
DA:13,1
DA:14,1
DA:15,0
DA:16,0
DA:17,0
DA:18,0
DA:19,0
DA:20,0
DA:21,1
DA:22,1
DA:23,1
DA:24,1
DA:25,1
DA:26,1
DA:27,1
DA:28,1
LF:28
LH:22
BRDA:8,0,0,1
BRDA:15,1,0,0
BRF:2
BRH:1
end_of_record
TN:
SF:deploy/user/src/infra/adapters/index.ts
FNF:0
FNH:0
DA:1,1
DA:2,1
LF:2
LH:2
BRF:0
BRH:0
end_of_record
TN:
SF:deploy/user/src/infra/adapters/jwt-adapter.ts
FN:6,encrypt
FNF:1
FNH:1
FNDA:5,encrypt
DA:1,1
DA:2,1
DA:3,1
DA:4,1
DA:5,1
DA:6,1
DA:7,5
DA:8,4
DA:9,4
DA:10,4
DA:11,4
DA:12,1
LF:12
LH:12
BRDA:6,0,0,5
BRDA:7,1,0,1
BRDA:8,2,0,4
BRF:3
BRH:3
end_of_record
TN:
SF:deploy/user/src/infra/adapters/validator-email-adapter.ts
FN:7,validate
FNF:1
FNH:1
FNDA:2,validate
DA:1,1
DA:2,1
DA:3,1
DA:4,1
DA:5,1
DA:6,1
DA:7,1
DA:8,2
DA:9,2
DA:10,2
DA:11,1
LF:11
LH:11
BRDA:7,0,0,2
BRDA:9,1,0,1
BRDA:9,2,0,1
BRF:3
BRH:3
end_of_record
TN:
SF:deploy/user/src/infra/repository/user-repository.ts
FN:6,create
FN:18,update
FN:30,load
FN:34,delete
FNF:4
FNH:4
FNDA:1,create
FNDA:2,update
FNDA:2,load
FNDA:1,delete
DA:1,1
DA:2,1
DA:3,1
DA:4,1
DA:5,1
DA:6,1
DA:7,1
DA:8,0
DA:9,0
DA:10,0
DA:11,0
DA:12,1
DA:13,1
DA:14,1
DA:15,1
DA:16,1
DA:17,1
DA:18,1
DA:19,2
DA:20,2
DA:21,2
DA:22,1
DA:23,1
DA:24,1
DA:25,1
DA:26,1
DA:27,1
DA:28,1
DA:29,1
DA:30,1
DA:31,2
DA:32,2
DA:33,1
DA:34,1
DA:35,1
DA:36,1
DA:37,1
DA:38,0
DA:39,0
DA:40,0
DA:41,1
DA:42,1
DA:43,1
LF:43
LH:36
BRDA:6,0,0,1
BRDA:18,1,0,2
BRDA:19,2,0,0
BRDA:21,3,0,1
BRDA:20,4,0,1
BRDA:30,5,0,2
BRDA:34,6,0,1
BRDA:35,7,0,0
BRDA:37,8,0,0
BRF:9
BRH:6
end_of_record
TN:
SF:deploy/user/src/main/config/app.ts
FNF:0
FNH:0
DA:1,1
DA:2,1
DA:3,1
DA:4,1
DA:5,1
DA:6,1
DA:7,1
DA:8,1
DA:9,1
DA:10,1
DA:11,1
DA:12,1
DA:13,1
DA:14,1
DA:15,1
DA:16,1
DA:17,1
DA:18,1
LF:18
LH:18
BRF:0
BRH:0
end_of_record
TN:
SF:deploy/user/src/main/config/router.ts
FN:5,setupRouters
FNF:1
FNH:1
FNDA:4,setupRouters
DA:1,1
DA:2,1
DA:3,1
DA:4,1
DA:5,1
DA:6,4
DA:7,4
DA:8,4
DA:9,4
DA:10,4
DA:11,4
DA:12,4
LF:12
LH:12
BRDA:5,0,0,4
BRF:1
BRH:1
end_of_record
TN:
SF:deploy/user/src/main/docs/index.ts
FNF:0
FNH:0
DA:1,1
DA:2,1
DA:3,1
DA:4,1
DA:5,1
DA:6,1
DA:7,1
DA:8,1
DA:9,1
DA:10,1
DA:11,1
DA:12,1
DA:13,1
DA:14,1
DA:15,1
DA:16,1
DA:17,1
DA:18,1
DA:19,1
DA:20,1
DA:21,1
DA:22,1
DA:23,1
DA:24,1
DA:25,1
DA:26,1
DA:27,1
DA:28,1
DA:29,1
DA:30,1
DA:31,1
DA:32,1
DA:33,1
DA:34,1
DA:35,1
LF:35
LH:35
BRF:0
BRH:0
end_of_record
TN:
SF:deploy/user/src/main/docs/paths/index.ts
FNF:0
FNH:0
DA:1,1
DA:2,1
LF:2
LH:2
BRF:0
BRH:0
end_of_record
TN:
SF:deploy/user/src/main/docs/paths/user/delete-user-path.ts
FNF:0
FNH:0
DA:1,1
DA:2,1
DA:3,1
DA:4,1
DA:5,1
DA:6,1
DA:7,1
DA:8,1
DA:9,1
DA:10,1
DA:11,1
DA:12,1
DA:13,1
DA:14,1
DA:15,1
DA:16,1
DA:17,1
DA:18,1
DA:19,1
DA:20,1
DA:21,1
DA:22,1
DA:23,1
DA:24,1
DA:25,1
DA:26,1
DA:27,1
DA:28,1
DA:29,1
DA:30,1
DA:31,1
DA:32,1
DA:33,1
DA:34,1
DA:35,1
DA:36,1
DA:37,1
DA:38,1
DA:39,1
DA:40,1
DA:41,1
DA:42,1
DA:43,1
DA:44,1
DA:45,1
DA:46,1
DA:47,1
DA:48,1
DA:49,1
DA:50,1
DA:51,1
DA:52,1
DA:53,1
DA:54,1
DA:55,1
DA:56,1
DA:57,1
DA:58,1
DA:59,1
DA:60,1
DA:61,1
DA:62,1
DA:63,1
DA:64,1
DA:65,1
DA:66,1
DA:67,1
LF:67
LH:67
BRF:0
BRH:0
end_of_record
TN:
SF:deploy/user/src/main/docs/paths/user/load-user-path.ts
FNF:0
FNH:0
DA:1,1
DA:2,1
DA:3,1
DA:4,1
DA:5,1
DA:6,1
DA:7,1
DA:8,1
DA:9,1
DA:10,1
DA:11,1
DA:12,1
DA:13,1
DA:14,1
DA:15,1
DA:16,1
DA:17,1
DA:18,1
DA:19,1
DA:20,1
DA:21,1
DA:22,1
DA:23,1
DA:24,1
DA:25,1
DA:26,1
DA:27,1
DA:28,1
DA:29,1
DA:30,1
DA:31,1
DA:32,1
DA:33,1
DA:34,1
DA:35,1
DA:36,1
DA:37,1
DA:38,1
DA:39,1
DA:40,1
DA:41,1
DA:42,1
DA:43,1
DA:44,1
DA:45,1
DA:46,1
DA:47,1
DA:48,1
DA:49,1
DA:50,1
DA:51,1
DA:52,1
DA:53,1
DA:54,1
DA:55,1
DA:56,1
LF:56
LH:56
BRF:0
BRH:0
end_of_record
TN:
SF:deploy/user/src/main/docs/paths/user/signup-path.ts
FNF:0
FNH:0
DA:1,1
DA:2,1
DA:3,1
DA:4,1
DA:5,1
DA:6,1
DA:7,1
DA:8,1
DA:9,1
DA:10,1
DA:11,1
DA:12,1
DA:13,1
DA:14,1
DA:15,1
DA:16,1
DA:17,1
DA:18,1
DA:19,1
DA:20,1
DA:21,1
DA:22,1
DA:23,1
DA:24,1
DA:25,1
DA:26,1
DA:27,1
DA:28,1
DA:29,1
DA:30,1
DA:31,1
DA:32,1
DA:33,1
DA:34,1
DA:35,1
DA:36,1
DA:37,1
DA:38,1
DA:39,1
DA:40,1
DA:41,1
DA:42,1
DA:43,1
DA:44,1
DA:45,1
DA:46,1
DA:47,1
DA:48,1
DA:49,1
DA:50,1
DA:51,1
DA:52,1
DA:53,1
DA:54,1
DA:55,1
DA:56,1
DA:57,1
DA:58,1
DA:59,1
DA:60,1
DA:61,1
DA:62,1
DA:63,1
DA:64,1
DA:65,1
DA:66,1
DA:67,1
DA:68,1
DA:69,1
DA:70,1
DA:71,1
DA:72,1
DA:73,1
DA:74,1
DA:75,1
DA:76,1
DA:77,1
DA:78,1
DA:79,1
DA:80,1
DA:81,1
DA:82,1
DA:83,1
DA:84,1
LF:84
LH:84
BRF:0
BRH:0
end_of_record
TN:
SF:deploy/user/src/main/docs/paths/user/update-user-path.ts
FNF:0
FNH:0
DA:1,1
DA:2,1
DA:3,1
DA:4,1
DA:5,1
DA:6,1
DA:7,1
DA:8,1
DA:9,1
DA:10,1
DA:11,1
DA:12,1
DA:13,1
DA:14,1
DA:15,1
DA:16,1
DA:17,1
DA:18,1
DA:19,1
DA:20,1
DA:21,1
DA:22,1
DA:23,1
DA:24,1
DA:25,1
DA:26,1
DA:27,1
DA:28,1
DA:29,1
DA:30,1
DA:31,1
DA:32,1
DA:33,1
DA:34,1
DA:35,1
DA:36,1
DA:37,1
DA:38,1
DA:39,1
DA:40,1
DA:41,1
DA:42,1
DA:43,1
DA:44,1
DA:45,1
DA:46,1
DA:47,1
DA:48,1
DA:49,1
DA:50,1
DA:51,1
DA:52,1
DA:53,1
DA:54,1
DA:55,1
DA:56,1
DA:57,1
DA:58,1
DA:59,1
DA:60,1
DA:61,1
DA:62,1
DA:63,1
DA:64,1
DA:65,1
DA:66,1
DA:67,1
DA:68,1
DA:69,1
DA:70,1
DA:71,1
DA:72,1
DA:73,1
DA:74,1
DA:75,1
DA:76,1
DA:77,1
DA:78,1
DA:79,1
LF:79
LH:79
BRF:0
BRH:0
end_of_record
TN:
SF:deploy/user/src/main/docs/schemas/user-schema.ts
FNF:0
FNH:0
DA:1,1
DA:2,1
DA:3,1
DA:4,1
DA:5,1
DA:6,1
DA:7,1
DA:8,1
DA:9,1
DA:10,1
DA:11,1
DA:12,1
DA:13,1
DA:14,1
DA:15,1
DA:16,1
DA:17,1
DA:18,1
DA:19,1
DA:20,1
DA:21,1
DA:22,1
DA:23,1
DA:24,1
DA:25,1
DA:26,1
LF:26
LH:26
BRF:0
BRH:0
end_of_record
TN:
SF:deploy/user/src/main/factory/controller/delete-user-controller-factory.ts
FN:6,deleteUserControllerFactory
FNF:1
FNH:1
FNDA:4,deleteUserControllerFactory
DA:1,1
DA:2,1
DA:3,1
DA:4,1
DA:5,1
DA:6,1
DA:7,4
DA:8,4
DA:9,4
DA:10,4
DA:11,4
DA:12,4
LF:12
LH:12
BRDA:6,0,0,4
BRF:1
BRH:1
end_of_record
TN:
SF:deploy/user/src/main/factory/controller/index.ts
FNF:0
FNH:0
DA:1,1
DA:2,1
LF:2
LH:2
BRF:0
BRH:0
end_of_record
TN:
SF:deploy/user/src/main/factory/controller/load-user-controller-factory.ts
FN:4,loadUserControllerFactory
FNF:1
FNH:1
FNDA:4,loadUserControllerFactory
DA:1,1
DA:2,1
DA:3,1
DA:4,1
DA:5,4
DA:6,4
LF:6
LH:6
BRDA:4,0,0,4
BRF:1
BRH:1
end_of_record
TN:
SF:deploy/user/src/main/factory/controller/signup-controller-factory.ts
FN:10,signupControllerFactory
FNF:1
FNH:1
FNDA:4,signupControllerFactory
DA:1,1
DA:2,1
DA:3,1
DA:4,1
DA:5,1
DA:6,1
DA:7,1
DA:8,1
DA:9,1
DA:10,1
DA:11,4
DA:12,4
DA:13,4
DA:14,4
DA:15,4
DA:16,4
DA:17,4
DA:18,4
DA:19,4
DA:20,4
DA:21,4
DA:22,4
DA:23,4
LF:23
LH:23
BRDA:10,0,0,4
BRF:1
BRH:1
end_of_record
TN:
SF:deploy/user/src/main/factory/controller/update-user-controller-factory.ts
FN:6,updateUserControllerFactory
FNF:1
FNH:1
FNDA:4,updateUserControllerFactory
DA:1,1
DA:2,1
DA:3,1
DA:4,1
DA:5,1
DA:6,1
DA:7,4
DA:8,4
DA:9,4
DA:10,4
DA:11,4
DA:12,4
LF:12
LH:12
BRDA:6,0,0,4
BRF:1
BRH:1
end_of_record
TN:
SF:deploy/user/src/main/middlewares/auth-middleware.ts
FN:5,authMiddleware
FNF:1
FNH:1
FNDA:7,authMiddleware
DA:1,1
DA:2,1
DA:3,1
DA:4,1
DA:5,1
DA:6,7
DA:7,7
DA:8,1
DA:9,6
DA:10,6
DA:11,6
DA:12,6
DA:13,7
LF:13
LH:13
BRDA:5,0,0,7
BRDA:7,1,0,6
BRDA:7,2,0,1
BRF:3
BRH:3
end_of_record
TN:
SF:deploy/user/src/main/middlewares/autorize-middleware.ts
FN:12,autorizeMiddeware
FNF:1
FNH:1
FNDA:7,autorizeMiddeware
DA:1,1
DA:2,1
DA:3,1
DA:4,1
DA:5,1
DA:6,1
DA:7,1
DA:8,1
DA:9,1
DA:10,1
DA:11,1
DA:12,1
DA:13,7
DA:14,1
DA:15,6
DA:16,6
DA:17,6
DA:18,6
DA:19,6
DA:20,6
DA:21,6
DA:22,6
DA:23,6
DA:24,6
DA:25,6
DA:26,0
DA:27,0
DA:28,0
DA:29,6
DA:30,7
LF:30
LH:27
BRDA:12,0,0,7
BRDA:13,1,0,6
BRDA:13,2,0,1
BRDA:25,3,0,0
BRF:4
BRH:3
end_of_record
TN:
SF:deploy/user/src/main/middlewares/cookie-middleware-factory.ts
FN:5,cookieMiddlewareFactory
FNF:1
FNH:1
FNDA:4,cookieMiddlewareFactory
DA:1,1
DA:2,1
DA:3,1
DA:4,1
DA:5,1
DA:6,4
DA:7,4
DA:8,4
LF:8
LH:8
BRDA:5,0,0,4
BRF:1
BRH:1
end_of_record
TN:
SF:deploy/user/src/main/middlewares/cookie-middleware.ts
FN:5,cookieMiddleware
FN:7,fakeNext
FNF:2
FNH:2
FNDA:4,cookieMiddleware
FNDA:5,fakeNext
DA:1,1
DA:2,1
DA:3,1
DA:4,1
DA:5,1
DA:6,4
DA:7,5
DA:8,5
DA:9,5
DA:10,5
DA:11,5
DA:12,5
DA:13,5
DA:14,4
LF:14
LH:14
BRDA:5,0,0,4
BRDA:6,1,0,5
BRDA:7,2,0,5
BRF:3
BRH:3
end_of_record
TN:
SF:deploy/user/src/main/middlewares/index.ts
FNF:0
FNH:0
DA:1,1
DA:2,1
DA:3,1
LF:3
LH:3
BRF:0
BRH:0
end_of_record
TN:
SF:deploy/user/src/main/middlewares/permission-middleware.ts
FN:35,permissionMiddeware
FNF:1
FNH:1
FNDA:16,permissionMiddeware
DA:1,1
DA:2,1
DA:3,1
DA:4,1
DA:5,1
DA:6,1
DA:7,1
DA:8,1
DA:9,1
DA:10,1
DA:11,1
DA:12,1
DA:13,1
DA:14,1
DA:15,1
DA:16,1
DA:17,10
DA:18,10
DA:19,10
DA:20,10
DA:21,10
DA:22,10
DA:23,1
DA:24,1
DA:25,1
DA:26,1
DA:27,1
DA:28,1
DA:29,1
DA:30,1
DA:31,1
DA:32,1
DA:33,1
DA:34,1
DA:35,1
DA:36,16
DA:37,9
DA:38,9
DA:39,9
DA:40,9
DA:41,9
DA:42,9
DA:43,9
DA:44,9
DA:45,8
DA:46,8
DA:47,8
DA:48,6
DA:49,6
DA:50,8
DA:51,8
DA:52,9
DA:53,9
DA:54,3
DA:55,9
DA:56,6
DA:57,6
DA:58,9
DA:59,16
LF:59
LH:59
BRDA:17,0,0,10
BRDA:35,1,0,16
BRDA:36,2,0,9
BRDA:44,3,0,8
BRDA:47,4,0,7
BRDA:47,5,0,6
BRDA:53,6,0,8
BRDA:53,7,0,3
BRDA:55,8,0,6
BRF:9
BRH:9
end_of_record
TN:
SF:deploy/user/src/main/routers/user/delete-user-router.ts
FN:7,deleteUserRouter
FNF:1
FNH:1
FNDA:4,deleteUserRouter
DA:1,1
DA:2,1
DA:3,1
DA:4,1
DA:5,1
DA:6,1
DA:7,1
DA:8,4
DA:9,4
DA:10,4
DA:11,4
DA:12,4
DA:13,4
DA:14,4
DA:15,4
DA:16,4
DA:17,4
DA:18,4
DA:19,4
DA:20,4
LF:20
LH:20
BRDA:7,0,0,4
BRF:1
BRH:1
end_of_record
TN:
SF:deploy/user/src/main/routers/user/index.ts
FNF:0
FNH:0
DA:1,1
DA:2,1
DA:3,1
LF:3
LH:3
BRF:0
BRH:0
end_of_record
TN:
SF:deploy/user/src/main/routers/user/load-users-router.ts
FN:7,loadUsersRouter
FNF:1
FNH:1
FNDA:4,loadUsersRouter
DA:1,1
DA:2,1
DA:3,1
DA:4,1
DA:5,1
DA:6,1
DA:7,1
DA:8,4
DA:9,4
DA:10,4
DA:11,4
DA:12,4
DA:13,4
DA:14,4
DA:15,4
DA:16,4
DA:17,4
DA:18,4
DA:19,4
DA:20,4
LF:20
LH:20
BRDA:7,0,0,4
BRF:1
BRH:1
end_of_record
TN:
SF:deploy/user/src/main/routers/user/signup-router.ts
FN:6,signupRouter
FNF:1
FNH:1
FNDA:4,signupRouter
DA:1,1
DA:2,1
DA:3,1
DA:4,1
DA:5,1
DA:6,1
DA:7,4
DA:8,4
LF:8
LH:8
BRDA:6,0,0,4
BRF:1
BRH:1
end_of_record
TN:
SF:deploy/user/src/main/routers/user/update-user-router.ts
FN:7,updateUserRouter
FNF:1
FNH:1
FNDA:4,updateUserRouter
DA:1,1
DA:2,1
DA:3,1
DA:4,1
DA:5,1
DA:6,1
DA:7,1
DA:8,4
DA:9,4
DA:10,4
DA:11,4
DA:12,4
DA:13,4
DA:14,4
DA:15,4
DA:16,4
DA:17,4
DA:18,4
DA:19,4
DA:20,4
LF:20
LH:20
BRDA:7,0,0,4
BRF:1
BRH:1
end_of_record
TN:
SF:deploy/user/src/main/swagger/setup-swagger.ts
FN:5,setupSwagger
FNF:1
FNH:1
FNDA:4,setupSwagger
DA:1,1
DA:2,1
DA:3,1
DA:4,1
DA:5,1
DA:6,4
DA:7,4
LF:7
LH:7
BRDA:5,0,0,4
BRF:1
BRH:1
end_of_record
TN:
SF:deploy/user/src/validators/check-if-user-already-exists-validator.ts
FN:6,CheckEmailExistsValidator
FN:7,validate
FNF:2
FNH:2
FNDA:4,CheckEmailExistsValidator
FNDA:1,validate
DA:1,1
DA:2,1
DA:3,1
DA:4,1
DA:5,1
DA:6,1
DA:7,1
DA:8,1
DA:9,1
DA:10,1
DA:11,1
DA:12,1
DA:13,1
LF:13
LH:13
BRDA:6,0,0,4
BRDA:7,1,0,1
BRDA:10,2,0,0
BRF:3
BRH:2
end_of_record
TN:
SF:deploy/user/src/validators/index.ts
FNF:0
FNH:0
DA:1,1
DA:2,1
LF:2
LH:2
BRF:0
BRH:0
end_of_record
TN:
SF:deploy/user/src/validators/required-parameter-validator.ts
FN:9,RequiredParameterValidator
FN:11,validate
FNF:2
FNH:2
FNDA:30,RequiredParameterValidator
FNDA:15,validate
DA:1,1
DA:2,1
DA:3,1
DA:4,1
DA:5,1
DA:6,1
DA:7,1
DA:8,1
DA:9,1
DA:10,1
DA:11,1
DA:12,15
DA:13,8
DA:14,8
DA:15,1
LF:15
LH:15
BRDA:9,0,0,30
BRDA:11,1,0,15
BRDA:12,2,0,12
BRDA:12,3,0,7
BRDA:13,4,0,8
BRF:5
BRH:5
end_of_record
TN:
SF:deploy/user/src/validators/validator-composite.ts
FN:4,ValidatorComposite
FN:6,validate
FNF:2
FNH:2
FNDA:15,ValidatorComposite
FNDA:12,validate
DA:1,1
DA:2,1
DA:3,1
DA:4,1
DA:5,1
DA:6,1
DA:7,12
DA:8,18
DA:9,18
DA:10,7
DA:11,7
DA:12,18
DA:13,5
DA:14,5
DA:15,1
LF:15
LH:15
BRDA:4,0,0,15
BRDA:6,1,0,12
BRDA:7,2,0,18
BRDA:9,3,0,7
BRDA:13,4,0,5
BRF:5
BRH:5
end_of_record
